<?xml version="1.0" encoding="utf-8" standalone="no"?>
<test-results xmlns:xsi="http://www.w3.org/2001/XMLSchema-instance" xsi:noNamespaceSchemaLocation="nunit_schema_2.5.xsd" name="Pester" total="643" errors="0" failures="39" not-run="0" inconclusive="0" ignored="0" skipped="0" invalid="0" date="2017-02-01" time="21:25:01">
  <environment user="Daniel" machine-name="PLAGUE-WINDEV" cwd="C:\Users\Daniel\Source\GitHub\xNetworking" user-domain="PLAGUE-WINDEV" platform="Microsoft Windows 10 Enterprise|C:\Windows|\Device\Harddisk0\Partition4" nunit-version="2.5.8.0" os-version="10.0.14393" clr-version="4.0.30319.42000" />
  <culture-info current-culture="en-NZ" current-uiculture="en-US" />
  <test-suite type="TestFixture" name="Pester" executed="True" result="Failure" success="False" time="341.3227" asserts="0" description="Pester">
    <results>
      <test-suite type="TestFixture" name="C:\Users\Daniel\Source\GitHub\xNetworking\Tests\Unit\MSFT_xDefaultGatewayAddress.Tests.ps1" executed="True" result="Success" success="True" time="14.0634" asserts="0" description="C:\Users\Daniel\Source\GitHub\xNetworking\Tests\Unit\MSFT_xDefaultGatewayAddress.Tests.ps1">
        <results>
          <test-suite type="TestFixture" name="MSFT_xDefaultGatewayAddress\Get-TargetResource" executed="True" result="Success" success="True" time="10.8494" asserts="0" description="MSFT_xDefaultGatewayAddress\Get-TargetResource">
            <results>
              <test-suite type="TestFixture" name="checking return with default gateway" executed="True" result="Success" success="True" time="10.6334" asserts="0" description="checking return with default gateway">
                <results>
                  <test-case description="should return current default gateway" name="MSFT_xDefaultGatewayAddress\Get-TargetResource.checking return with default gateway.should return current default gateway" time="10.6334" asserts="0" success="True" result="Success" executed="True" />
                </results>
              </test-suite>
              <test-suite type="TestFixture" name="checking return with no default gateway" executed="True" result="Success" success="True" time="0.2159" asserts="0" description="checking return with no default gateway">
                <results>
                  <test-case description="should return no default gateway" name="MSFT_xDefaultGatewayAddress\Get-TargetResource.checking return with no default gateway.should return no default gateway" time="0.2159" asserts="0" success="True" result="Success" executed="True" />
                </results>
              </test-suite>
            </results>
          </test-suite>
          <test-suite type="TestFixture" name="MSFT_xDefaultGatewayAddress\Set-TargetResource" executed="True" result="Success" success="True" time="0.7131" asserts="0" description="MSFT_xDefaultGatewayAddress\Set-TargetResource">
            <results>
              <test-suite type="TestFixture" name="invoking with no Default Gateway Address" executed="True" result="Success" success="True" time="0.4208" asserts="0" description="invoking with no Default Gateway Address">
                <results>
                  <test-case description="should return $null" name="MSFT_xDefaultGatewayAddress\Set-TargetResource.invoking with no Default Gateway Address.should return $null" time="0.3084" asserts="0" success="True" result="Success" executed="True" />
                  <test-case description="should call all the mocks" name="MSFT_xDefaultGatewayAddress\Set-TargetResource.invoking with no Default Gateway Address.should call all the mocks" time="0.1124" asserts="0" success="True" result="Success" executed="True" />
                </results>
              </test-suite>
              <test-suite type="TestFixture" name="invoking with valid Default Gateway Address" executed="True" result="Success" success="True" time="0.2922" asserts="0" description="invoking with valid Default Gateway Address">
                <results>
                  <test-case description="should return $null" name="MSFT_xDefaultGatewayAddress\Set-TargetResource.invoking with valid Default Gateway Address.should return $null" time="0.2064" asserts="0" success="True" result="Success" executed="True" />
                  <test-case description="should call all the mocks" name="MSFT_xDefaultGatewayAddress\Set-TargetResource.invoking with valid Default Gateway Address.should call all the mocks" time="0.0859" asserts="0" success="True" result="Success" executed="True" />
                </results>
              </test-suite>
            </results>
          </test-suite>
          <test-suite type="TestFixture" name="MSFT_xDefaultGatewayAddress\Test-TargetResource" executed="True" result="Success" success="True" time="1.8582" asserts="0" description="MSFT_xDefaultGatewayAddress\Test-TargetResource">
            <results>
              <test-suite type="TestFixture" name="checking return with default gateway that matches currently set one" executed="True" result="Success" success="True" time="1.4381" asserts="0" description="checking return with default gateway that matches currently set one">
                <results>
                  <test-case description="should return true" name="MSFT_xDefaultGatewayAddress\Test-TargetResource.checking return with default gateway that matches currently set one.should return true" time="1.4381" asserts="0" success="True" result="Success" executed="True" />
                </results>
              </test-suite>
              <test-suite type="TestFixture" name="checking return with no gateway but one is currently set" executed="True" result="Success" success="True" time="0.1252" asserts="0" description="checking return with no gateway but one is currently set">
                <results>
                  <test-case description="should return false" name="MSFT_xDefaultGatewayAddress\Test-TargetResource.checking return with no gateway but one is currently set.should return false" time="0.1252" asserts="0" success="True" result="Success" executed="True" />
                </results>
              </test-suite>
              <test-suite type="TestFixture" name="checking return with default gateway but none are currently set" executed="True" result="Success" success="True" time="0.1393" asserts="0" description="checking return with default gateway but none are currently set">
                <results>
                  <test-case description="should return false" name="MSFT_xDefaultGatewayAddress\Test-TargetResource.checking return with default gateway but none are currently set.should return false" time="0.1393" asserts="0" success="True" result="Success" executed="True" />
                </results>
              </test-suite>
              <test-suite type="TestFixture" name="checking return with no gateway and none are currently set" executed="True" result="Success" success="True" time="0.1556" asserts="0" description="checking return with no gateway and none are currently set">
                <results>
                  <test-case description="should return true" name="MSFT_xDefaultGatewayAddress\Test-TargetResource.checking return with no gateway and none are currently set.should return true" time="0.1556" asserts="0" success="True" result="Success" executed="True" />
                </results>
              </test-suite>
            </results>
          </test-suite>
          <test-suite type="TestFixture" name="MSFT_xDefaultGatewayAddress\Assert-ResourceProperty" executed="True" result="Success" success="True" time="0.6428" asserts="0" description="MSFT_xDefaultGatewayAddress\Assert-ResourceProperty">
            <results>
              <test-suite type="TestFixture" name="invoking with bad interface alias" executed="True" result="Success" success="True" time="0.1962" asserts="0" description="invoking with bad interface alias">
                <results>
                  <test-case description="should throw an InterfaceNotAvailable error" name="MSFT_xDefaultGatewayAddress\Assert-ResourceProperty.invoking with bad interface alias.should throw an InterfaceNotAvailable error" time="0.1962" asserts="0" success="True" result="Success" executed="True" />
                </results>
              </test-suite>
              <test-suite type="TestFixture" name="invoking with invalid IP Address" executed="True" result="Success" success="True" time="0.1016" asserts="0" description="invoking with invalid IP Address">
                <results>
                  <test-case description="should throw an AddressFormatError error" name="MSFT_xDefaultGatewayAddress\Assert-ResourceProperty.invoking with invalid IP Address.should throw an AddressFormatError error" time="0.1016" asserts="0" success="True" result="Success" executed="True" />
                </results>
              </test-suite>
              <test-suite type="TestFixture" name="invoking with IPv4 Address and family mismatch" executed="True" result="Success" success="True" time="0.0874" asserts="0" description="invoking with IPv4 Address and family mismatch">
                <results>
                  <test-case description="should throw an AddressMismatchError error" name="MSFT_xDefaultGatewayAddress\Assert-ResourceProperty.invoking with IPv4 Address and family mismatch.should throw an AddressMismatchError error" time="0.0874" asserts="0" success="True" result="Success" executed="True" />
                </results>
              </test-suite>
              <test-suite type="TestFixture" name="invoking with IPv6 Address and family mismatch" executed="True" result="Success" success="True" time="0.087" asserts="0" description="invoking with IPv6 Address and family mismatch">
                <results>
                  <test-case description="should throw an AddressMismatchError error" name="MSFT_xDefaultGatewayAddress\Assert-ResourceProperty.invoking with IPv6 Address and family mismatch.should throw an AddressMismatchError error" time="0.087" asserts="0" success="True" result="Success" executed="True" />
                </results>
              </test-suite>
              <test-suite type="TestFixture" name="invoking with valid IPv4 Address" executed="True" result="Success" success="True" time="0.0934" asserts="0" description="invoking with valid IPv4 Address">
                <results>
                  <test-case description="should not throw an error" name="MSFT_xDefaultGatewayAddress\Assert-ResourceProperty.invoking with valid IPv4 Address.should not throw an error" time="0.0934" asserts="0" success="True" result="Success" executed="True" />
                </results>
              </test-suite>
              <test-suite type="TestFixture" name="invoking with valid IPv6 Address" executed="True" result="Success" success="True" time="0.0772" asserts="0" description="invoking with valid IPv6 Address">
                <results>
                  <test-case description="should not throw an error" name="MSFT_xDefaultGatewayAddress\Assert-ResourceProperty.invoking with valid IPv6 Address.should not throw an error" time="0.0772" asserts="0" success="True" result="Success" executed="True" />
                </results>
              </test-suite>
            </results>
          </test-suite>
        </results>
      </test-suite>
      <test-suite type="TestFixture" name="C:\Users\Daniel\Source\GitHub\xNetworking\Tests\Unit\MSFT_xDhcpClient.Tests.ps1" executed="True" result="Success" success="True" time="3.0495" asserts="0" description="C:\Users\Daniel\Source\GitHub\xNetworking\Tests\Unit\MSFT_xDhcpClient.Tests.ps1">
        <results>
          <test-suite type="TestFixture" name="MSFT_xDhcpClient\Get-TargetResource" executed="True" result="Success" success="True" time="0.7645" asserts="0" description="MSFT_xDhcpClient\Get-TargetResource">
            <results>
              <test-suite type="TestFixture" name="invoking with when DHCP is enabled" executed="True" result="Success" success="True" time="0.4612" asserts="0" description="invoking with when DHCP is enabled">
                <results>
                  <test-case description="should return DHCP state of enabled" name="MSFT_xDhcpClient\Get-TargetResource.invoking with when DHCP is enabled.should return DHCP state of enabled" time="0.4007" asserts="0" success="True" result="Success" executed="True" />
                  <test-case description="should call all the mocks" name="MSFT_xDhcpClient\Get-TargetResource.invoking with when DHCP is enabled.should call all the mocks" time="0.0605" asserts="0" success="True" result="Success" executed="True" />
                </results>
              </test-suite>
              <test-suite type="TestFixture" name="invoking with when DHCP is disabled" executed="True" result="Success" success="True" time="0.3033" asserts="0" description="invoking with when DHCP is disabled">
                <results>
                  <test-case description="should return DHCP state of disabled" name="MSFT_xDhcpClient\Get-TargetResource.invoking with when DHCP is disabled.should return DHCP state of disabled" time="0.2582" asserts="0" success="True" result="Success" executed="True" />
                  <test-case description="should call all the mocks" name="MSFT_xDhcpClient\Get-TargetResource.invoking with when DHCP is disabled.should call all the mocks" time="0.0452" asserts="0" success="True" result="Success" executed="True" />
                </results>
              </test-suite>
            </results>
          </test-suite>
          <test-suite type="TestFixture" name="MSFT_xDhcpClient\Set-TargetResource" executed="True" result="Success" success="True" time="1.055" asserts="0" description="MSFT_xDhcpClient\Set-TargetResource">
            <results>
              <test-suite type="TestFixture" name="invoking with state enabled but DHCP is currently disabled" executed="True" result="Success" success="True" time="0.3646" asserts="0" description="invoking with state enabled but DHCP is currently disabled">
                <results>
                  <test-case description="should not throw an exception" name="MSFT_xDhcpClient\Set-TargetResource.invoking with state enabled but DHCP is currently disabled.should not throw an exception" time="0.2966" asserts="0" success="True" result="Success" executed="True" />
                  <test-case description="should call appropriate mocks" name="MSFT_xDhcpClient\Set-TargetResource.invoking with state enabled but DHCP is currently disabled.should call appropriate mocks" time="0.0681" asserts="0" success="True" result="Success" executed="True" />
                </results>
              </test-suite>
              <test-suite type="TestFixture" name="invoking with state disabled and DHCP is currently disabled" executed="True" result="Success" success="True" time="0.1986" asserts="0" description="invoking with state disabled and DHCP is currently disabled">
                <results>
                  <test-case description="should not throw an exception" name="MSFT_xDhcpClient\Set-TargetResource.invoking with state disabled and DHCP is currently disabled.should not throw an exception" time="0.1198" asserts="0" success="True" result="Success" executed="True" />
                  <test-case description="should call appropriate mocks" name="MSFT_xDhcpClient\Set-TargetResource.invoking with state disabled and DHCP is currently disabled.should call appropriate mocks" time="0.0788" asserts="0" success="True" result="Success" executed="True" />
                </results>
              </test-suite>
              <test-suite type="TestFixture" name="invoking with state enabled and DHCP is currently enabled" executed="True" result="Success" success="True" time="0.2755" asserts="0" description="invoking with state enabled and DHCP is currently enabled">
                <results>
                  <test-case description="should not throw an exception" name="MSFT_xDhcpClient\Set-TargetResource.invoking with state enabled and DHCP is currently enabled.should not throw an exception" time="0.2056" asserts="0" success="True" result="Success" executed="True" />
                  <test-case description="should call appropriate mocks" name="MSFT_xDhcpClient\Set-TargetResource.invoking with state enabled and DHCP is currently enabled.should call appropriate mocks" time="0.0699" asserts="0" success="True" result="Success" executed="True" />
                </results>
              </test-suite>
              <test-suite type="TestFixture" name="invoking with state disabled but DHCP is currently enabled" executed="True" result="Success" success="True" time="0.2162" asserts="0" description="invoking with state disabled but DHCP is currently enabled">
                <results>
                  <test-case description="should not throw an exception" name="MSFT_xDhcpClient\Set-TargetResource.invoking with state disabled but DHCP is currently enabled.should not throw an exception" time="0.1352" asserts="0" success="True" result="Success" executed="True" />
                  <test-case description="should call appropriate mocks" name="MSFT_xDhcpClient\Set-TargetResource.invoking with state disabled but DHCP is currently enabled.should call appropriate mocks" time="0.081" asserts="0" success="True" result="Success" executed="True" />
                </results>
              </test-suite>
            </results>
          </test-suite>
          <test-suite type="TestFixture" name="MSFT_xDhcpClient\Test-TargetResource" executed="True" result="Success" success="True" time="1.0052" asserts="0" description="MSFT_xDhcpClient\Test-TargetResource">
            <results>
              <test-suite type="TestFixture" name="invoking with state enabled but DHCP is currently disabled" executed="True" result="Success" success="True" time="0.2656" asserts="0" description="invoking with state enabled but DHCP is currently disabled">
                <results>
                  <test-case description="should return false" name="MSFT_xDhcpClient\Test-TargetResource.invoking with state enabled but DHCP is currently disabled.should return false" time="0.2231" asserts="0" success="True" result="Success" executed="True" />
                  <test-case description="should call all mocks" name="MSFT_xDhcpClient\Test-TargetResource.invoking with state enabled but DHCP is currently disabled.should call all mocks" time="0.0426" asserts="0" success="True" result="Success" executed="True" />
                </results>
              </test-suite>
              <test-suite type="TestFixture" name="invoking with state disabled and DHCP is currently disabled" executed="True" result="Success" success="True" time="0.166" asserts="0" description="invoking with state disabled and DHCP is currently disabled">
                <results>
                  <test-case description="should return true" name="MSFT_xDhcpClient\Test-TargetResource.invoking with state disabled and DHCP is currently disabled.should return true" time="0.1185" asserts="0" success="True" result="Success" executed="True" />
                  <test-case description="should call all mocks" name="MSFT_xDhcpClient\Test-TargetResource.invoking with state disabled and DHCP is currently disabled.should call all mocks" time="0.0475" asserts="0" success="True" result="Success" executed="True" />
                </results>
              </test-suite>
              <test-suite type="TestFixture" name="invoking with state enabled and DHCP is currently enabled" executed="True" result="Success" success="True" time="0.3607" asserts="0" description="invoking with state enabled and DHCP is currently enabled">
                <results>
                  <test-case description="should return true" name="MSFT_xDhcpClient\Test-TargetResource.invoking with state enabled and DHCP is currently enabled.should return true" time="0.1597" asserts="0" success="True" result="Success" executed="True" />
                  <test-case description="should call all mocks" name="MSFT_xDhcpClient\Test-TargetResource.invoking with state enabled and DHCP is currently enabled.should call all mocks" time="0.201" asserts="0" success="True" result="Success" executed="True" />
                </results>
              </test-suite>
              <test-suite type="TestFixture" name="invoking with state disabled but DHCP is currently enabled" executed="True" result="Success" success="True" time="0.2129" asserts="0" description="invoking with state disabled but DHCP is currently enabled">
                <results>
                  <test-case description="should return false" name="MSFT_xDhcpClient\Test-TargetResource.invoking with state disabled but DHCP is currently enabled.should return false" time="0.152" asserts="0" success="True" result="Success" executed="True" />
                  <test-case description="should call all mocks" name="MSFT_xDhcpClient\Test-TargetResource.invoking with state disabled but DHCP is currently enabled.should call all mocks" time="0.0609" asserts="0" success="True" result="Success" executed="True" />
                </results>
              </test-suite>
            </results>
          </test-suite>
          <test-suite type="TestFixture" name="MSFT_xDhcpClient\Assert-ResourceProperty" executed="True" result="Success" success="True" time="0.2247" asserts="0" description="MSFT_xDhcpClient\Assert-ResourceProperty">
            <results>
              <test-suite type="TestFixture" name="invoking with bad interface alias" executed="True" result="Success" success="True" time="0.2247" asserts="0" description="invoking with bad interface alias">
                <results>
                  <test-case description="should throw an InterfaceNotAvailable error" name="MSFT_xDhcpClient\Assert-ResourceProperty.invoking with bad interface alias.should throw an InterfaceNotAvailable error" time="0.2247" asserts="0" success="True" result="Success" executed="True" />
                </results>
              </test-suite>
            </results>
          </test-suite>
        </results>
      </test-suite>
      <test-suite type="TestFixture" name="C:\Users\Daniel\Source\GitHub\xNetworking\Tests\Unit\MSFT_xDnsClientGlobalSetting.Tests.ps1" executed="True" result="Success" success="True" time="3.353" asserts="0" description="C:\Users\Daniel\Source\GitHub\xNetworking\Tests\Unit\MSFT_xDnsClientGlobalSetting.Tests.ps1">
        <results>
          <test-suite type="TestFixture" name="MSFT_xDnsClientGlobalSetting\Get-TargetResource" executed="True" result="Success" success="True" time="1.1636" asserts="0" description="MSFT_xDnsClientGlobalSetting\Get-TargetResource">
            <results>
              <test-suite type="TestFixture" name="DNS Client Global Settings Exists" executed="True" result="Success" success="True" time="1.1636" asserts="0" description="DNS Client Global Settings Exists">
                <results>
                  <test-case description="should return correct DNS Client Global Settings values" name="MSFT_xDnsClientGlobalSetting\Get-TargetResource.DNS Client Global Settings Exists.should return correct DNS Client Global Settings values" time="1.0686" asserts="0" success="True" result="Success" executed="True" />
                  <test-case description="should call the expected mocks" name="MSFT_xDnsClientGlobalSetting\Get-TargetResource.DNS Client Global Settings Exists.should call the expected mocks" time="0.0951" asserts="0" success="True" result="Success" executed="True" />
                </results>
              </test-suite>
            </results>
          </test-suite>
          <test-suite type="TestFixture" name="MSFT_xDnsClientGlobalSetting\Set-TargetResource" executed="True" result="Success" success="True" time="1.076" asserts="0" description="MSFT_xDnsClientGlobalSetting\Set-TargetResource">
            <results>
              <test-suite type="TestFixture" name="DNS Client Global Settings all parameters are the same" executed="True" result="Success" success="True" time="0.2209" asserts="0" description="DNS Client Global Settings all parameters are the same">
                <results>
                  <test-case description="should not throw error" name="MSFT_xDnsClientGlobalSetting\Set-TargetResource.DNS Client Global Settings all parameters are the same.should not throw error" time="0.1651" asserts="0" success="True" result="Success" executed="True" />
                  <test-case description="should call expected Mocks" name="MSFT_xDnsClientGlobalSetting\Set-TargetResource.DNS Client Global Settings all parameters are the same.should call expected Mocks" time="0.0558" asserts="0" success="True" result="Success" executed="True" />
                </results>
              </test-suite>
              <test-suite type="TestFixture" name="DNS Client Global Settings SuffixSearchList is different" executed="True" result="Success" success="True" time="0.2012" asserts="0" description="DNS Client Global Settings SuffixSearchList is different">
                <results>
                  <test-case description="should not throw error" name="MSFT_xDnsClientGlobalSetting\Set-TargetResource.DNS Client Global Settings SuffixSearchList is different.should not throw error" time="0.1579" asserts="0" success="True" result="Success" executed="True" />
                  <test-case description="should call expected Mocks" name="MSFT_xDnsClientGlobalSetting\Set-TargetResource.DNS Client Global Settings SuffixSearchList is different.should call expected Mocks" time="0.0433" asserts="0" success="True" result="Success" executed="True" />
                </results>
              </test-suite>
              <test-suite type="TestFixture" name="DNS Client Global Settings SuffixSearchList Array is different" executed="True" result="Success" success="True" time="0.2664" asserts="0" description="DNS Client Global Settings SuffixSearchList Array is different">
                <results>
                  <test-case description="should not throw error" name="MSFT_xDnsClientGlobalSetting\Set-TargetResource.DNS Client Global Settings SuffixSearchList Array is different.should not throw error" time="0.2019" asserts="0" success="True" result="Success" executed="True" />
                  <test-case description="should call expected Mocks" name="MSFT_xDnsClientGlobalSetting\Set-TargetResource.DNS Client Global Settings SuffixSearchList Array is different.should call expected Mocks" time="0.0645" asserts="0" success="True" result="Success" executed="True" />
                </results>
              </test-suite>
              <test-suite type="TestFixture" name="DNS Client Global Settings DevolutionLevel is different" executed="True" result="Success" success="True" time="0.1916" asserts="0" description="DNS Client Global Settings DevolutionLevel is different">
                <results>
                  <test-case description="should not throw error" name="MSFT_xDnsClientGlobalSetting\Set-TargetResource.DNS Client Global Settings DevolutionLevel is different.should not throw error" time="0.1315" asserts="0" success="True" result="Success" executed="True" />
                  <test-case description="should call expected Mocks" name="MSFT_xDnsClientGlobalSetting\Set-TargetResource.DNS Client Global Settings DevolutionLevel is different.should call expected Mocks" time="0.0601" asserts="0" success="True" result="Success" executed="True" />
                </results>
              </test-suite>
              <test-suite type="TestFixture" name="DNS Client Global Settings UseDevolution is different" executed="True" result="Success" success="True" time="0.196" asserts="0" description="DNS Client Global Settings UseDevolution is different">
                <results>
                  <test-case description="should not throw error" name="MSFT_xDnsClientGlobalSetting\Set-TargetResource.DNS Client Global Settings UseDevolution is different.should not throw error" time="0.1413" asserts="0" success="True" result="Success" executed="True" />
                  <test-case description="should call expected Mocks" name="MSFT_xDnsClientGlobalSetting\Set-TargetResource.DNS Client Global Settings UseDevolution is different.should call expected Mocks" time="0.0546" asserts="0" success="True" result="Success" executed="True" />
                </results>
              </test-suite>
            </results>
          </test-suite>
          <test-suite type="TestFixture" name="MSFT_xDnsClientGlobalSetting\Test-TargetResource" executed="True" result="Success" success="True" time="1.1133" asserts="0" description="MSFT_xDnsClientGlobalSetting\Test-TargetResource">
            <results>
              <test-suite type="TestFixture" name="DNS Client Global Settings all parameters are the same" executed="True" result="Success" success="True" time="0.213" asserts="0" description="DNS Client Global Settings all parameters are the same">
                <results>
                  <test-case description="should return true" name="MSFT_xDnsClientGlobalSetting\Test-TargetResource.DNS Client Global Settings all parameters are the same.should return true" time="0.18" asserts="0" success="True" result="Success" executed="True" />
                  <test-case description="should call expected Mocks" name="MSFT_xDnsClientGlobalSetting\Test-TargetResource.DNS Client Global Settings all parameters are the same.should call expected Mocks" time="0.033" asserts="0" success="True" result="Success" executed="True" />
                </results>
              </test-suite>
              <test-suite type="TestFixture" name="DNS Client Global Settings SuffixSearchList is different" executed="True" result="Success" success="True" time="0.1259" asserts="0" description="DNS Client Global Settings SuffixSearchList is different">
                <results>
                  <test-case description="should return false" name="MSFT_xDnsClientGlobalSetting\Test-TargetResource.DNS Client Global Settings SuffixSearchList is different.should return false" time="0.0953" asserts="0" success="True" result="Success" executed="True" />
                  <test-case description="should call expected Mocks" name="MSFT_xDnsClientGlobalSetting\Test-TargetResource.DNS Client Global Settings SuffixSearchList is different.should call expected Mocks" time="0.0306" asserts="0" success="True" result="Success" executed="True" />
                </results>
              </test-suite>
              <test-suite type="TestFixture" name="DNS Client Global Settings SuffixSearchList Array is different" executed="True" result="Success" success="True" time="0.1683" asserts="0" description="DNS Client Global Settings SuffixSearchList Array is different">
                <results>
                  <test-case description="should return false" name="MSFT_xDnsClientGlobalSetting\Test-TargetResource.DNS Client Global Settings SuffixSearchList Array is different.should return false" time="0.1296" asserts="0" success="True" result="Success" executed="True" />
                  <test-case description="should call expected Mocks" name="MSFT_xDnsClientGlobalSetting\Test-TargetResource.DNS Client Global Settings SuffixSearchList Array is different.should call expected Mocks" time="0.0387" asserts="0" success="True" result="Success" executed="True" />
                </results>
              </test-suite>
              <test-suite type="TestFixture" name="DNS Client Global Settings SuffixSearchList Array Order is same" executed="True" result="Success" success="True" time="0.1607" asserts="0" description="DNS Client Global Settings SuffixSearchList Array Order is same">
                <results>
                  <test-case description="should return true" name="MSFT_xDnsClientGlobalSetting\Test-TargetResource.DNS Client Global Settings SuffixSearchList Array Order is same.should return true" time="0.1257" asserts="0" success="True" result="Success" executed="True" />
                  <test-case description="should call expected Mocks" name="MSFT_xDnsClientGlobalSetting\Test-TargetResource.DNS Client Global Settings SuffixSearchList Array Order is same.should call expected Mocks" time="0.0351" asserts="0" success="True" result="Success" executed="True" />
                </results>
              </test-suite>
              <test-suite type="TestFixture" name="DNS Client Global Settings SuffixSearchList Array Order is different" executed="True" result="Success" success="True" time="0.1888" asserts="0" description="DNS Client Global Settings SuffixSearchList Array Order is different">
                <results>
                  <test-case description="should return false" name="MSFT_xDnsClientGlobalSetting\Test-TargetResource.DNS Client Global Settings SuffixSearchList Array Order is different.should return false" time="0.1183" asserts="0" success="True" result="Success" executed="True" />
                  <test-case description="should call expected Mocks" name="MSFT_xDnsClientGlobalSetting\Test-TargetResource.DNS Client Global Settings SuffixSearchList Array Order is different.should call expected Mocks" time="0.0705" asserts="0" success="True" result="Success" executed="True" />
                </results>
              </test-suite>
              <test-suite type="TestFixture" name="DNS Client Global Settings DevolutionLevel is different" executed="True" result="Success" success="True" time="0.1261" asserts="0" description="DNS Client Global Settings DevolutionLevel is different">
                <results>
                  <test-case description="should return false" name="MSFT_xDnsClientGlobalSetting\Test-TargetResource.DNS Client Global Settings DevolutionLevel is different.should return false" time="0.0939" asserts="0" success="True" result="Success" executed="True" />
                  <test-case description="should call expected Mocks" name="MSFT_xDnsClientGlobalSetting\Test-TargetResource.DNS Client Global Settings DevolutionLevel is different.should call expected Mocks" time="0.0322" asserts="0" success="True" result="Success" executed="True" />
                </results>
              </test-suite>
              <test-suite type="TestFixture" name="DNS Client Global Settings UseDevolution is different" executed="True" result="Success" success="True" time="0.1304" asserts="0" description="DNS Client Global Settings UseDevolution is different">
                <results>
                  <test-case description="should return false" name="MSFT_xDnsClientGlobalSetting\Test-TargetResource.DNS Client Global Settings UseDevolution is different.should return false" time="0.0886" asserts="0" success="True" result="Success" executed="True" />
                  <test-case description="should call expected Mocks" name="MSFT_xDnsClientGlobalSetting\Test-TargetResource.DNS Client Global Settings UseDevolution is different.should call expected Mocks" time="0.0418" asserts="0" success="True" result="Success" executed="True" />
                </results>
              </test-suite>
            </results>
          </test-suite>
        </results>
      </test-suite>
      <test-suite type="TestFixture" name="C:\Users\Daniel\Source\GitHub\xNetworking\Tests\Unit\MSFT_xDnsConnectionSuffix.Tests.ps1" executed="True" result="Success" success="True" time="1.3877" asserts="0" description="C:\Users\Daniel\Source\GitHub\xNetworking\Tests\Unit\MSFT_xDnsConnectionSuffix.Tests.ps1">
        <results>
          <test-suite type="TestFixture" name="MSFT_xDnsConnectionSuffix\Get-TargetResource" executed="True" result="Success" success="True" time="0.5518" asserts="0" description="MSFT_xDnsConnectionSuffix\Get-TargetResource">
            <results>
              <test-suite type="TestFixture" name="Validates &quot;Get-TargetResource&quot; method" executed="True" result="Success" success="True" time="0.5518" asserts="0" description="Validates &quot;Get-TargetResource&quot; method">
                <results>
                  <test-case description="Returns a &quot;System.Collections.Hashtable&quot; object type" name="MSFT_xDnsConnectionSuffix\Get-TargetResource.Validates &quot;Get-TargetResource&quot; method.Returns a &quot;System.Collections.Hashtable&quot; object type" time="0.2702" asserts="0" success="True" result="Success" executed="True" />
                  <test-case description="Returns &quot;Present&quot; when DNS suffix matches and &quot;Ensure&quot; = &quot;Present&quot;" name="MSFT_xDnsConnectionSuffix\Get-TargetResource.Validates &quot;Get-TargetResource&quot; method.Returns &quot;Present&quot; when DNS suffix matches and &quot;Ensure&quot; = &quot;Present&quot;" time="0.052" asserts="0" success="True" result="Success" executed="True" />
                  <test-case description="Returns &quot;Absent&quot; when DNS suffix does not match and &quot;Ensure&quot; = &quot;Present&quot;" name="MSFT_xDnsConnectionSuffix\Get-TargetResource.Validates &quot;Get-TargetResource&quot; method.Returns &quot;Absent&quot; when DNS suffix does not match and &quot;Ensure&quot; = &quot;Present&quot;" time="0.0697" asserts="0" success="True" result="Success" executed="True" />
                  <test-case description="Returns &quot;Absent&quot; when no DNS suffix is defined and &quot;Ensure&quot; = &quot;Present&quot;" name="MSFT_xDnsConnectionSuffix\Get-TargetResource.Validates &quot;Get-TargetResource&quot; method.Returns &quot;Absent&quot; when no DNS suffix is defined and &quot;Ensure&quot; = &quot;Present&quot;" time="0.0571" asserts="0" success="True" result="Success" executed="True" />
                  <test-case description="Returns &quot;Absent&quot; when no DNS suffix is defined and &quot;Ensure&quot; = &quot;Absent&quot;" name="MSFT_xDnsConnectionSuffix\Get-TargetResource.Validates &quot;Get-TargetResource&quot; method.Returns &quot;Absent&quot; when no DNS suffix is defined and &quot;Ensure&quot; = &quot;Absent&quot;" time="0.0524" asserts="0" success="True" result="Success" executed="True" />
                  <test-case description="Returns &quot;Present&quot; when DNS suffix is defined and &quot;Ensure&quot; = &quot;Absent&quot;" name="MSFT_xDnsConnectionSuffix\Get-TargetResource.Validates &quot;Get-TargetResource&quot; method.Returns &quot;Present&quot; when DNS suffix is defined and &quot;Ensure&quot; = &quot;Absent&quot;" time="0.0504" asserts="0" success="True" result="Success" executed="True" />
                </results>
              </test-suite>
            </results>
          </test-suite>
          <test-suite type="TestFixture" name="MSFT_xDnsConnectionSuffix\Test-TargetResource" executed="True" result="Success" success="True" time="0.603" asserts="0" description="MSFT_xDnsConnectionSuffix\Test-TargetResource">
            <results>
              <test-suite type="TestFixture" name="Validates &quot;Test-TargetResource&quot; method" executed="True" result="Success" success="True" time="0.603" asserts="0" description="Validates &quot;Test-TargetResource&quot; method">
                <results>
                  <test-case description="Passes when all properties match and &quot;Ensure&quot; = &quot;Present&quot;" name="MSFT_xDnsConnectionSuffix\Test-TargetResource.Validates &quot;Test-TargetResource&quot; method.Passes when all properties match and &quot;Ensure&quot; = &quot;Present&quot;" time="0.1405" asserts="0" success="True" result="Success" executed="True" />
                  <test-case description="Passes when no DNS suffix is registered and &quot;Ensure&quot; = &quot;Absent&quot;" name="MSFT_xDnsConnectionSuffix\Test-TargetResource.Validates &quot;Test-TargetResource&quot; method.Passes when no DNS suffix is registered and &quot;Ensure&quot; = &quot;Absent&quot;" time="0.0812" asserts="0" success="True" result="Success" executed="True" />
                  <test-case description="Passes when &quot;RegisterThisConnectionsAddress&quot; setting is correct" name="MSFT_xDnsConnectionSuffix\Test-TargetResource.Validates &quot;Test-TargetResource&quot; method.Passes when &quot;RegisterThisConnectionsAddress&quot; setting is correct" time="0.0466" asserts="0" success="True" result="Success" executed="True" />
                  <test-case description="Passes when &quot;UseSuffixWhenRegistering&quot; setting is correct" name="MSFT_xDnsConnectionSuffix\Test-TargetResource.Validates &quot;Test-TargetResource&quot; method.Passes when &quot;UseSuffixWhenRegistering&quot; setting is correct" time="0.0539" asserts="0" success="True" result="Success" executed="True" />
                  <test-case description="Fails when no DNS suffix is registered and &quot;Ensure&quot; = &quot;Present&quot;" name="MSFT_xDnsConnectionSuffix\Test-TargetResource.Validates &quot;Test-TargetResource&quot; method.Fails when no DNS suffix is registered and &quot;Ensure&quot; = &quot;Present&quot;" time="0.0549" asserts="0" success="True" result="Success" executed="True" />
                  <test-case description="Fails when the registered DNS suffix is incorrect and &quot;Ensure&quot; = &quot;Present&quot;" name="MSFT_xDnsConnectionSuffix\Test-TargetResource.Validates &quot;Test-TargetResource&quot; method.Fails when the registered DNS suffix is incorrect and &quot;Ensure&quot; = &quot;Present&quot;" time="0.0629" asserts="0" success="True" result="Success" executed="True" />
                  <test-case description="Fails when a DNS suffix is registered and &quot;Ensure&quot; = &quot;Absent&quot;" name="MSFT_xDnsConnectionSuffix\Test-TargetResource.Validates &quot;Test-TargetResource&quot; method.Fails when a DNS suffix is registered and &quot;Ensure&quot; = &quot;Absent&quot;" time="0.059" asserts="0" success="True" result="Success" executed="True" />
                  <test-case description="Fails when &quot;RegisterThisConnectionsAddress&quot; setting is incorrect" name="MSFT_xDnsConnectionSuffix\Test-TargetResource.Validates &quot;Test-TargetResource&quot; method.Fails when &quot;RegisterThisConnectionsAddress&quot; setting is incorrect" time="0.0541" asserts="0" success="True" result="Success" executed="True" />
                  <test-case description="Fails when &quot;UseSuffixWhenRegistering&quot; setting is incorrect" name="MSFT_xDnsConnectionSuffix\Test-TargetResource.Validates &quot;Test-TargetResource&quot; method.Fails when &quot;UseSuffixWhenRegistering&quot; setting is incorrect" time="0.0499" asserts="0" success="True" result="Success" executed="True" />
                </results>
              </test-suite>
            </results>
          </test-suite>
          <test-suite type="TestFixture" name="MSFT_xDnsConnectionSuffix\Test-TargetResource" executed="True" result="Success" success="True" time="0.2328" asserts="0" description="MSFT_xDnsConnectionSuffix\Test-TargetResource">
            <results>
              <test-suite type="TestFixture" name="Validates &quot;Set-TargetResource&quot; method" executed="True" result="Success" success="True" time="0.2328" asserts="0" description="Validates &quot;Set-TargetResource&quot; method">
                <results>
                  <test-case description="Calls &quot;Set-DnsClient&quot; with specified DNS suffix when &quot;Ensure&quot; = &quot;Present&quot;" name="MSFT_xDnsConnectionSuffix\Test-TargetResource.Validates &quot;Set-TargetResource&quot; method.Calls &quot;Set-DnsClient&quot; with specified DNS suffix when &quot;Ensure&quot; = &quot;Present&quot;" time="0.1672" asserts="0" success="True" result="Success" executed="True" />
                  <test-case description="Calls &quot;Set-DnsClient&quot; with no DNS suffix when &quot;Ensure&quot; = &quot;Absent&quot;" name="MSFT_xDnsConnectionSuffix\Test-TargetResource.Validates &quot;Set-TargetResource&quot; method.Calls &quot;Set-DnsClient&quot; with no DNS suffix when &quot;Ensure&quot; = &quot;Absent&quot;" time="0.0656" asserts="0" success="True" result="Success" executed="True" />
                </results>
              </test-suite>
            </results>
          </test-suite>
        </results>
      </test-suite>
      <test-suite type="TestFixture" name="C:\Users\Daniel\Source\GitHub\xNetworking\Tests\Unit\MSFT_xDNSServerAddress.Tests.ps1" executed="True" result="Success" success="True" time="4.5088" asserts="0" description="C:\Users\Daniel\Source\GitHub\xNetworking\Tests\Unit\MSFT_xDNSServerAddress.Tests.ps1">
        <results>
          <test-suite type="TestFixture" name="MSFT_xDNSServerAddress\Get-TargetResource" executed="True" result="Success" success="True" time="0.4618" asserts="0" description="MSFT_xDNSServerAddress\Get-TargetResource">
            <results>
              <test-suite type="TestFixture" name="invoking with an IPv4 address" executed="True" result="Success" success="True" time="0.3105" asserts="0" description="invoking with an IPv4 address">
                <results>
                  <test-case description="should return true" name="MSFT_xDNSServerAddress\Get-TargetResource.invoking with an IPv4 address.should return true" time="0.3105" asserts="0" success="True" result="Success" executed="True" />
                </results>
              </test-suite>
              <test-suite type="TestFixture" name="invoking with an IPv6 address" executed="True" result="Success" success="True" time="0.1513" asserts="0" description="invoking with an IPv6 address">
                <results>
                  <test-case description="should return true" name="MSFT_xDNSServerAddress\Get-TargetResource.invoking with an IPv6 address.should return true" time="0.1513" asserts="0" success="True" result="Success" executed="True" />
                </results>
              </test-suite>
            </results>
          </test-suite>
          <test-suite type="TestFixture" name="MSFT_xDNSServerAddress\Set-TargetResource" executed="True" result="Success" success="True" time="2.277" asserts="0" description="MSFT_xDNSServerAddress\Set-TargetResource">
            <results>
              <test-suite type="TestFixture" name="invoking with single IPv4 Server Address that is the same as current" executed="True" result="Success" success="True" time="0.2882" asserts="0" description="invoking with single IPv4 Server Address that is the same as current">
                <results>
                  <test-case description="should not throw an exception" name="MSFT_xDNSServerAddress\Set-TargetResource.invoking with single IPv4 Server Address that is the same as current.should not throw an exception" time="0.2421" asserts="0" success="True" result="Success" executed="True" />
                  <test-case description="should call all the mocks" name="MSFT_xDNSServerAddress\Set-TargetResource.invoking with single IPv4 Server Address that is the same as current.should call all the mocks" time="0.0461" asserts="0" success="True" result="Success" executed="True" />
                </results>
              </test-suite>
              <test-suite type="TestFixture" name="invoking with single IPv4 Server Address that is different to current" executed="True" result="Success" success="True" time="0.2629" asserts="0" description="invoking with single IPv4 Server Address that is different to current">
                <results>
                  <test-case description="should not throw an exception" name="MSFT_xDNSServerAddress\Set-TargetResource.invoking with single IPv4 Server Address that is different to current.should not throw an exception" time="0.1734" asserts="0" success="True" result="Success" executed="True" />
                  <test-case description="should call all the mocks" name="MSFT_xDNSServerAddress\Set-TargetResource.invoking with single IPv4 Server Address that is different to current.should call all the mocks" time="0.0894" asserts="0" success="True" result="Success" executed="True" />
                </results>
              </test-suite>
              <test-suite type="TestFixture" name="invoking with single IPv4 Server Address that is different to current and validate true" executed="True" result="Success" success="True" time="0.2267" asserts="0" description="invoking with single IPv4 Server Address that is different to current and validate true">
                <results>
                  <test-case description="should not throw an exception" name="MSFT_xDNSServerAddress\Set-TargetResource.invoking with single IPv4 Server Address that is different to current and validate true.should not throw an exception" time="0.1425" asserts="0" success="True" result="Success" executed="True" />
                  <test-case description="should call all the mocks" name="MSFT_xDNSServerAddress\Set-TargetResource.invoking with single IPv4 Server Address that is different to current and validate true.should call all the mocks" time="0.0842" asserts="0" success="True" result="Success" executed="True" />
                </results>
              </test-suite>
              <test-suite type="TestFixture" name="invoking with multiple IPv4 Server Addresses that are different to current" executed="True" result="Success" success="True" time="0.1893" asserts="0" description="invoking with multiple IPv4 Server Addresses that are different to current">
                <results>
                  <test-case description="should not throw an exception" name="MSFT_xDNSServerAddress\Set-TargetResource.invoking with multiple IPv4 Server Addresses that are different to current.should not throw an exception" time="0.1363" asserts="0" success="True" result="Success" executed="True" />
                  <test-case description="should call all the mocks" name="MSFT_xDNSServerAddress\Set-TargetResource.invoking with multiple IPv4 Server Addresses that are different to current.should call all the mocks" time="0.0529" asserts="0" success="True" result="Success" executed="True" />
                </results>
              </test-suite>
              <test-suite type="TestFixture" name="invoking with multiple IPv4 Server Addresses When there are no address assiged" executed="True" result="Success" success="True" time="0.302" asserts="0" description="invoking with multiple IPv4 Server Addresses When there are no address assiged">
                <results>
                  <test-case description="should not throw an exception" name="MSFT_xDNSServerAddress\Set-TargetResource.invoking with multiple IPv4 Server Addresses When there are no address assiged.should not throw an exception" time="0.1443" asserts="0" success="True" result="Success" executed="True" />
                  <test-case description="should call all the mocks" name="MSFT_xDNSServerAddress\Set-TargetResource.invoking with multiple IPv4 Server Addresses When there are no address assiged.should call all the mocks" time="0.1577" asserts="0" success="True" result="Success" executed="True" />
                </results>
              </test-suite>
              <test-suite type="TestFixture" name="invoking with single IPv6 Server Address that is the same as current" executed="True" result="Success" success="True" time="0.2494" asserts="0" description="invoking with single IPv6 Server Address that is the same as current">
                <results>
                  <test-case description="should not throw an exception" name="MSFT_xDNSServerAddress\Set-TargetResource.invoking with single IPv6 Server Address that is the same as current.should not throw an exception" time="0.1784" asserts="0" success="True" result="Success" executed="True" />
                  <test-case description="should call all the mocks" name="MSFT_xDNSServerAddress\Set-TargetResource.invoking with single IPv6 Server Address that is the same as current.should call all the mocks" time="0.071" asserts="0" success="True" result="Success" executed="True" />
                </results>
              </test-suite>
              <test-suite type="TestFixture" name="invoking with single IPv6 Server Address that is different to current" executed="True" result="Success" success="True" time="0.2091" asserts="0" description="invoking with single IPv6 Server Address that is different to current">
                <results>
                  <test-case description="should not throw an exception" name="MSFT_xDNSServerAddress\Set-TargetResource.invoking with single IPv6 Server Address that is different to current.should not throw an exception" time="0.1413" asserts="0" success="True" result="Success" executed="True" />
                  <test-case description="should call all the mocks" name="MSFT_xDNSServerAddress\Set-TargetResource.invoking with single IPv6 Server Address that is different to current.should call all the mocks" time="0.0678" asserts="0" success="True" result="Success" executed="True" />
                </results>
              </test-suite>
              <test-suite type="TestFixture" name="invoking with single IPv6 Server Address that is different to current and validate true" executed="True" result="Success" success="True" time="0.1815" asserts="0" description="invoking with single IPv6 Server Address that is different to current and validate true">
                <results>
                  <test-case description="should not throw an exception" name="MSFT_xDNSServerAddress\Set-TargetResource.invoking with single IPv6 Server Address that is different to current and validate true.should not throw an exception" time="0.1187" asserts="0" success="True" result="Success" executed="True" />
                  <test-case description="should call all the mocks" name="MSFT_xDNSServerAddress\Set-TargetResource.invoking with single IPv6 Server Address that is different to current and validate true.should call all the mocks" time="0.0628" asserts="0" success="True" result="Success" executed="True" />
                </results>
              </test-suite>
              <test-suite type="TestFixture" name="invoking with multiple IPv6 Server Addresses that are different to current" executed="True" result="Success" success="True" time="0.1795" asserts="0" description="invoking with multiple IPv6 Server Addresses that are different to current">
                <results>
                  <test-case description="should not throw an exception" name="MSFT_xDNSServerAddress\Set-TargetResource.invoking with multiple IPv6 Server Addresses that are different to current.should not throw an exception" time="0.1105" asserts="0" success="True" result="Success" executed="True" />
                  <test-case description="should call all the mocks" name="MSFT_xDNSServerAddress\Set-TargetResource.invoking with multiple IPv6 Server Addresses that are different to current.should call all the mocks" time="0.069" asserts="0" success="True" result="Success" executed="True" />
                </results>
              </test-suite>
              <test-suite type="TestFixture" name="invoking with multiple IPv6 Server Addresses When there are no address assiged" executed="True" result="Success" success="True" time="0.1885" asserts="0" description="invoking with multiple IPv6 Server Addresses When there are no address assiged">
                <results>
                  <test-case description="should not throw an exception" name="MSFT_xDNSServerAddress\Set-TargetResource.invoking with multiple IPv6 Server Addresses When there are no address assiged.should not throw an exception" time="0.1165" asserts="0" success="True" result="Success" executed="True" />
                  <test-case description="should call all the mocks" name="MSFT_xDNSServerAddress\Set-TargetResource.invoking with multiple IPv6 Server Addresses When there are no address assiged.should call all the mocks" time="0.0719" asserts="0" success="True" result="Success" executed="True" />
                </results>
              </test-suite>
            </results>
          </test-suite>
          <test-suite type="TestFixture" name="MSFT_xDNSServerAddress\Test-TargetResource" executed="True" result="Success" success="True" time="1.2425" asserts="0" description="MSFT_xDNSServerAddress\Test-TargetResource">
            <results>
              <test-suite type="TestFixture" name="invoking with single IPv4 Server Address that is the same as current" executed="True" result="Success" success="True" time="0.2358" asserts="0" description="invoking with single IPv4 Server Address that is the same as current">
                <results>
                  <test-case description="should return true" name="MSFT_xDNSServerAddress\Test-TargetResource.invoking with single IPv4 Server Address that is the same as current.should return true" time="0.2039" asserts="0" success="True" result="Success" executed="True" />
                  <test-case description="should call all the mocks" name="MSFT_xDNSServerAddress\Test-TargetResource.invoking with single IPv4 Server Address that is the same as current.should call all the mocks" time="0.0319" asserts="0" success="True" result="Success" executed="True" />
                </results>
              </test-suite>
              <test-suite type="TestFixture" name="invoking with single IPv4 Server Address that is different to current" executed="True" result="Success" success="True" time="0.1364" asserts="0" description="invoking with single IPv4 Server Address that is different to current">
                <results>
                  <test-case description="should return false" name="MSFT_xDNSServerAddress\Test-TargetResource.invoking with single IPv4 Server Address that is different to current.should return false" time="0.0915" asserts="0" success="True" result="Success" executed="True" />
                  <test-case description="should call all the mocks" name="MSFT_xDNSServerAddress\Test-TargetResource.invoking with single IPv4 Server Address that is different to current.should call all the mocks" time="0.0448" asserts="0" success="True" result="Success" executed="True" />
                </results>
              </test-suite>
              <test-suite type="TestFixture" name="invoking with multiple IPv4 Server Addresses that are different to current" executed="True" result="Success" success="True" time="0.149" asserts="0" description="invoking with multiple IPv4 Server Addresses that are different to current">
                <results>
                  <test-case description="should return false" name="MSFT_xDNSServerAddress\Test-TargetResource.invoking with multiple IPv4 Server Addresses that are different to current.should return false" time="0.1171" asserts="0" success="True" result="Success" executed="True" />
                  <test-case description="should call all the mocks" name="MSFT_xDNSServerAddress\Test-TargetResource.invoking with multiple IPv4 Server Addresses that are different to current.should call all the mocks" time="0.032" asserts="0" success="True" result="Success" executed="True" />
                </results>
              </test-suite>
              <test-suite type="TestFixture" name="invoking with multiple IPv4 Server Addresses that are no addresses assigned" executed="True" result="Success" success="True" time="0.1359" asserts="0" description="invoking with multiple IPv4 Server Addresses that are no addresses assigned">
                <results>
                  <test-case description="should return false" name="MSFT_xDNSServerAddress\Test-TargetResource.invoking with multiple IPv4 Server Addresses that are no addresses assigned.should return false" time="0.1034" asserts="0" success="True" result="Success" executed="True" />
                  <test-case description="should call all the mocks" name="MSFT_xDNSServerAddress\Test-TargetResource.invoking with multiple IPv4 Server Addresses that are no addresses assigned.should call all the mocks" time="0.0324" asserts="0" success="True" result="Success" executed="True" />
                </results>
              </test-suite>
              <test-suite type="TestFixture" name="invoking with single IPv6 Server Address that is the same as current" executed="True" result="Success" success="True" time="0.135" asserts="0" description="invoking with single IPv6 Server Address that is the same as current">
                <results>
                  <test-case description="should return true" name="MSFT_xDNSServerAddress\Test-TargetResource.invoking with single IPv6 Server Address that is the same as current.should return true" time="0.103" asserts="0" success="True" result="Success" executed="True" />
                  <test-case description="should call all the mocks" name="MSFT_xDNSServerAddress\Test-TargetResource.invoking with single IPv6 Server Address that is the same as current.should call all the mocks" time="0.0321" asserts="0" success="True" result="Success" executed="True" />
                </results>
              </test-suite>
              <test-suite type="TestFixture" name="invoking with single IPv6 Server Address that is different to current" executed="True" result="Success" success="True" time="0.1568" asserts="0" description="invoking with single IPv6 Server Address that is different to current">
                <results>
                  <test-case description="should return false" name="MSFT_xDNSServerAddress\Test-TargetResource.invoking with single IPv6 Server Address that is different to current.should return false" time="0.1211" asserts="0" success="True" result="Success" executed="True" />
                  <test-case description="should call all the mocks" name="MSFT_xDNSServerAddress\Test-TargetResource.invoking with single IPv6 Server Address that is different to current.should call all the mocks" time="0.0357" asserts="0" success="True" result="Success" executed="True" />
                </results>
              </test-suite>
              <test-suite type="TestFixture" name="invoking with multiple IPv6 Server Addresses that are different to current" executed="True" result="Success" success="True" time="0.142" asserts="0" description="invoking with multiple IPv6 Server Addresses that are different to current">
                <results>
                  <test-case description="should return false" name="MSFT_xDNSServerAddress\Test-TargetResource.invoking with multiple IPv6 Server Addresses that are different to current.should return false" time="0.1045" asserts="0" success="True" result="Success" executed="True" />
                  <test-case description="should call all the mocks" name="MSFT_xDNSServerAddress\Test-TargetResource.invoking with multiple IPv6 Server Addresses that are different to current.should call all the mocks" time="0.0375" asserts="0" success="True" result="Success" executed="True" />
                </results>
              </test-suite>
              <test-suite type="TestFixture" name="invoking with multiple IPv6 Server Addresses that are no addresses assigned" executed="True" result="Success" success="True" time="0.1516" asserts="0" description="invoking with multiple IPv6 Server Addresses that are no addresses assigned">
                <results>
                  <test-case description="should return false" name="MSFT_xDNSServerAddress\Test-TargetResource.invoking with multiple IPv6 Server Addresses that are no addresses assigned.should return false" time="0.1105" asserts="0" success="True" result="Success" executed="True" />
                  <test-case description="should call all the mocks" name="MSFT_xDNSServerAddress\Test-TargetResource.invoking with multiple IPv6 Server Addresses that are no addresses assigned.should call all the mocks" time="0.0411" asserts="0" success="True" result="Success" executed="True" />
                </results>
              </test-suite>
            </results>
          </test-suite>
          <test-suite type="TestFixture" name="MSFT_xDNSServerAddress\Assert-ResourceProperty" executed="True" result="Success" success="True" time="0.5276" asserts="0" description="MSFT_xDNSServerAddress\Assert-ResourceProperty">
            <results>
              <test-suite type="TestFixture" name="invoking with bad interface alias" executed="True" result="Success" success="True" time="0.1453" asserts="0" description="invoking with bad interface alias">
                <results>
                  <test-case description="should throw an InterfaceNotAvailable error" name="MSFT_xDNSServerAddress\Assert-ResourceProperty.invoking with bad interface alias.should throw an InterfaceNotAvailable error" time="0.1453" asserts="0" success="True" result="Success" executed="True" />
                </results>
              </test-suite>
              <test-suite type="TestFixture" name="invoking with invalid IP Address" executed="True" result="Success" success="True" time="0.0838" asserts="0" description="invoking with invalid IP Address">
                <results>
                  <test-case description="should throw an AddressFormatError error" name="MSFT_xDNSServerAddress\Assert-ResourceProperty.invoking with invalid IP Address.should throw an AddressFormatError error" time="0.0838" asserts="0" success="True" result="Success" executed="True" />
                </results>
              </test-suite>
              <test-suite type="TestFixture" name="invoking with IPv4 Address and family mismatch" executed="True" result="Success" success="True" time="0.077" asserts="0" description="invoking with IPv4 Address and family mismatch">
                <results>
                  <test-case description="should throw an AddressMismatchError error" name="MSFT_xDNSServerAddress\Assert-ResourceProperty.invoking with IPv4 Address and family mismatch.should throw an AddressMismatchError error" time="0.077" asserts="0" success="True" result="Success" executed="True" />
                </results>
              </test-suite>
              <test-suite type="TestFixture" name="invoking with IPv6 Address and family mismatch" executed="True" result="Success" success="True" time="0.0745" asserts="0" description="invoking with IPv6 Address and family mismatch">
                <results>
                  <test-case description="should throw an AddressMismatchError error" name="MSFT_xDNSServerAddress\Assert-ResourceProperty.invoking with IPv6 Address and family mismatch.should throw an AddressMismatchError error" time="0.0745" asserts="0" success="True" result="Success" executed="True" />
                </results>
              </test-suite>
              <test-suite type="TestFixture" name="invoking with valid IPv4 Addresses" executed="True" result="Success" success="True" time="0.077" asserts="0" description="invoking with valid IPv4 Addresses">
                <results>
                  <test-case description="should not throw an error" name="MSFT_xDNSServerAddress\Assert-ResourceProperty.invoking with valid IPv4 Addresses.should not throw an error" time="0.077" asserts="0" success="True" result="Success" executed="True" />
                </results>
              </test-suite>
              <test-suite type="TestFixture" name="invoking with valid IPv6 Addresses" executed="True" result="Success" success="True" time="0.0701" asserts="0" description="invoking with valid IPv6 Addresses">
                <results>
                  <test-case description="should not throw an error" name="MSFT_xDNSServerAddress\Assert-ResourceProperty.invoking with valid IPv6 Addresses.should not throw an error" time="0.0701" asserts="0" success="True" result="Success" executed="True" />
                </results>
              </test-suite>
            </results>
          </test-suite>
        </results>
      </test-suite>
      <test-suite type="TestFixture" name="C:\Users\Daniel\Source\GitHub\xNetworking\Tests\Unit\MSFT_xFirewall.Tests.ps1" executed="True" result="Failure" success="False" time="23.096" asserts="0" description="C:\Users\Daniel\Source\GitHub\xNetworking\Tests\Unit\MSFT_xFirewall.Tests.ps1">
        <results>
          <test-suite type="TestFixture" name="MSFT_xFirewall\Get-TargetResource" executed="True" result="Failure" success="False" time="7.4777" asserts="0" description="MSFT_xFirewall\Get-TargetResource">
            <results>
              <test-suite type="TestFixture" name="Absent should return correctly" executed="True" result="Success" success="True" time="4.5167" asserts="0" description="Absent should return correctly">
                <results>
                  <test-case description="Should return absent on firewall rule {029B53B6-839B-46C0-B16D-9E159DE8CD97}" name="MSFT_xFirewall\Get-TargetResource.Absent should return correctly.Should return absent on firewall rule {029B53B6-839B-46C0-B16D-9E159DE8CD97}" time="4.5167" asserts="0" success="True" result="Success" executed="True" />
                </results>
              </test-suite>
              <test-suite type="TestFixture" name="Present should return correctly" executed="True" result="Failure" success="False" time="2.961" asserts="0" description="Present should return correctly">
                <results>
                  <test-case description="should have the correct Name on firewall rule {029B53B6-839B-46C0-B16D-9E159DE8CD97}" name="MSFT_xFirewall\Get-TargetResource.Present should return correctly.should have the correct Name on firewall rule {029B53B6-839B-46C0-B16D-9E159DE8CD97}" time="1.8894" asserts="0" success="True" result="Success" executed="True" />
                  <test-case description="should have the correct DisplayName on firewall rule {029B53B6-839B-46C0-B16D-9E159DE8CD97}" name="MSFT_xFirewall\Get-TargetResource.Present should return correctly.should have the correct DisplayName on firewall rule {029B53B6-839B-46C0-B16D-9E159DE8CD97}" time="0.0312" asserts="0" success="True" result="Success" executed="True" />
                  <test-case description="should have the correct Group on firewall rule {029B53B6-839B-46C0-B16D-9E159DE8CD97}" name="MSFT_xFirewall\Get-TargetResource.Present should return correctly.should have the correct Group on firewall rule {029B53B6-839B-46C0-B16D-9E159DE8CD97}" time="0.0289" asserts="0" success="True" result="Success" executed="True" />
                  <test-case description="should have the correct DisplayGroup on firewall rule {029B53B6-839B-46C0-B16D-9E159DE8CD97}" name="MSFT_xFirewall\Get-TargetResource.Present should return correctly.should have the correct DisplayGroup on firewall rule {029B53B6-839B-46C0-B16D-9E159DE8CD97}" time="0.0901" asserts="0" success="True" result="Success" executed="True" />
                  <test-case description="should have the correct Enabled on firewall rule {029B53B6-839B-46C0-B16D-9E159DE8CD97}" name="MSFT_xFirewall\Get-TargetResource.Present should return correctly.should have the correct Enabled on firewall rule {029B53B6-839B-46C0-B16D-9E159DE8CD97}" time="0.0347" asserts="0" success="True" result="Success" executed="True" />
                  <test-case description="should have the correct Action on firewall rule {029B53B6-839B-46C0-B16D-9E159DE8CD97}" name="MSFT_xFirewall\Get-TargetResource.Present should return correctly.should have the correct Action on firewall rule {029B53B6-839B-46C0-B16D-9E159DE8CD97}" time="0.037" asserts="0" success="True" result="Success" executed="True" />
                  <test-case description="should have the correct Profile on firewall rule {029B53B6-839B-46C0-B16D-9E159DE8CD97}" name="MSFT_xFirewall\Get-TargetResource.Present should return correctly.should have the correct Profile on firewall rule {029B53B6-839B-46C0-B16D-9E159DE8CD97}" time="0.058" asserts="0" success="False" result="Failure" executed="True">
                    <failure>
                      <message>Expected: {Domain, Private, Public}
But was:  {Domain,Private,Public}</message>
                      <stack-trace>at line: 75 in C:\Users\Daniel\Source\GitHub\xNetworking\Tests\Unit\MSFT_xFirewall.Tests.ps1
75:                         $parameterNew | Should Be $parameterValue
</stack-trace>
                    </failure>
                  </test-case>
                  <test-case description="should have the correct Direction on firewall rule {029B53B6-839B-46C0-B16D-9E159DE8CD97}" name="MSFT_xFirewall\Get-TargetResource.Present should return correctly.should have the correct Direction on firewall rule {029B53B6-839B-46C0-B16D-9E159DE8CD97}" time="0.0419" asserts="0" success="True" result="Success" executed="True" />
                  <test-case description="should have the correct Description on firewall rule {029B53B6-839B-46C0-B16D-9E159DE8CD97}" name="MSFT_xFirewall\Get-TargetResource.Present should return correctly.should have the correct Description on firewall rule {029B53B6-839B-46C0-B16D-9E159DE8CD97}" time="0.0305" asserts="0" success="True" result="Success" executed="True" />
                  <test-case description="should have the correct RemotePort on firewall rule {029B53B6-839B-46C0-B16D-9E159DE8CD97}" name="MSFT_xFirewall\Get-TargetResource.Present should return correctly.should have the correct RemotePort on firewall rule {029B53B6-839B-46C0-B16D-9E159DE8CD97}" time="0.0377" asserts="0" success="True" result="Success" executed="True" />
                  <test-case description="should have the correct LocalPort on firewall rule {029B53B6-839B-46C0-B16D-9E159DE8CD97}" name="MSFT_xFirewall\Get-TargetResource.Present should return correctly.should have the correct LocalPort on firewall rule {029B53B6-839B-46C0-B16D-9E159DE8CD97}" time="0.033" asserts="0" success="True" result="Success" executed="True" />
                  <test-case description="should have the correct Protocol on firewall rule {029B53B6-839B-46C0-B16D-9E159DE8CD97}" name="MSFT_xFirewall\Get-TargetResource.Present should return correctly.should have the correct Protocol on firewall rule {029B53B6-839B-46C0-B16D-9E159DE8CD97}" time="0.0281" asserts="0" success="True" result="Success" executed="True" />
                  <test-case description="should have the correct Program on firewall rule {029B53B6-839B-46C0-B16D-9E159DE8CD97}" name="MSFT_xFirewall\Get-TargetResource.Present should return correctly.should have the correct Program on firewall rule {029B53B6-839B-46C0-B16D-9E159DE8CD97}" time="0.0291" asserts="0" success="True" result="Success" executed="True" />
                  <test-case description="should have the correct Service on firewall rule {029B53B6-839B-46C0-B16D-9E159DE8CD97}" name="MSFT_xFirewall\Get-TargetResource.Present should return correctly.should have the correct Service on firewall rule {029B53B6-839B-46C0-B16D-9E159DE8CD97}" time="0.0304" asserts="0" success="True" result="Success" executed="True" />
                  <test-case description="should have the correct Authentication on firewall rule {029B53B6-839B-46C0-B16D-9E159DE8CD97}" name="MSFT_xFirewall\Get-TargetResource.Present should return correctly.should have the correct Authentication on firewall rule {029B53B6-839B-46C0-B16D-9E159DE8CD97}" time="0.0348" asserts="0" success="True" result="Success" executed="True" />
                  <test-case description="should have the correct Encryption on firewall rule {029B53B6-839B-46C0-B16D-9E159DE8CD97}" name="MSFT_xFirewall\Get-TargetResource.Present should return correctly.should have the correct Encryption on firewall rule {029B53B6-839B-46C0-B16D-9E159DE8CD97}" time="0.0384" asserts="0" success="True" result="Success" executed="True" />
                  <test-case description="should have the correct InterfaceAlias on firewall rule {029B53B6-839B-46C0-B16D-9E159DE8CD97}" name="MSFT_xFirewall\Get-TargetResource.Present should return correctly.should have the correct InterfaceAlias on firewall rule {029B53B6-839B-46C0-B16D-9E159DE8CD97}" time="0.0327" asserts="0" success="True" result="Success" executed="True" />
                  <test-case description="should have the correct InterfaceType on firewall rule {029B53B6-839B-46C0-B16D-9E159DE8CD97}" name="MSFT_xFirewall\Get-TargetResource.Present should return correctly.should have the correct InterfaceType on firewall rule {029B53B6-839B-46C0-B16D-9E159DE8CD97}" time="0.0306" asserts="0" success="True" result="Success" executed="True" />
                  <test-case description="should have the correct LocalAddress on firewall rule {029B53B6-839B-46C0-B16D-9E159DE8CD97}" name="MSFT_xFirewall\Get-TargetResource.Present should return correctly.should have the correct LocalAddress on firewall rule {029B53B6-839B-46C0-B16D-9E159DE8CD97}" time="0.0229" asserts="0" success="True" result="Success" executed="True" />
                  <test-case description="should have the correct LocalUser on firewall rule {029B53B6-839B-46C0-B16D-9E159DE8CD97}" name="MSFT_xFirewall\Get-TargetResource.Present should return correctly.should have the correct LocalUser on firewall rule {029B53B6-839B-46C0-B16D-9E159DE8CD97}" time="0.0275" asserts="0" success="True" result="Success" executed="True" />
                  <test-case description="should have the correct Package on firewall rule {029B53B6-839B-46C0-B16D-9E159DE8CD97}" name="MSFT_xFirewall\Get-TargetResource.Present should return correctly.should have the correct Package on firewall rule {029B53B6-839B-46C0-B16D-9E159DE8CD97}" time="0.0301" asserts="0" success="True" result="Success" executed="True" />
                  <test-case description="should have the correct Platform on firewall rule {029B53B6-839B-46C0-B16D-9E159DE8CD97}" name="MSFT_xFirewall\Get-TargetResource.Present should return correctly.should have the correct Platform on firewall rule {029B53B6-839B-46C0-B16D-9E159DE8CD97}" time="0.0351" asserts="0" success="True" result="Success" executed="True" />
                  <test-case description="should have the correct RemoteAddress on firewall rule {029B53B6-839B-46C0-B16D-9E159DE8CD97}" name="MSFT_xFirewall\Get-TargetResource.Present should return correctly.should have the correct RemoteAddress on firewall rule {029B53B6-839B-46C0-B16D-9E159DE8CD97}" time="0.0268" asserts="0" success="True" result="Success" executed="True" />
                  <test-case description="should have the correct RemoteMachine on firewall rule {029B53B6-839B-46C0-B16D-9E159DE8CD97}" name="MSFT_xFirewall\Get-TargetResource.Present should return correctly.should have the correct RemoteMachine on firewall rule {029B53B6-839B-46C0-B16D-9E159DE8CD97}" time="0.032" asserts="0" success="True" result="Success" executed="True" />
                  <test-case description="should have the correct RemoteUser on firewall rule {029B53B6-839B-46C0-B16D-9E159DE8CD97}" name="MSFT_xFirewall\Get-TargetResource.Present should return correctly.should have the correct RemoteUser on firewall rule {029B53B6-839B-46C0-B16D-9E159DE8CD97}" time="0.03" asserts="0" success="True" result="Success" executed="True" />
                  <test-case description="should have the correct DynamicTransport on firewall rule {029B53B6-839B-46C0-B16D-9E159DE8CD97}" name="MSFT_xFirewall\Get-TargetResource.Present should return correctly.should have the correct DynamicTransport on firewall rule {029B53B6-839B-46C0-B16D-9E159DE8CD97}" time="0.0359" asserts="0" success="True" result="Success" executed="True" />
                  <test-case description="should have the correct EdgeTraversalPolicy on firewall rule {029B53B6-839B-46C0-B16D-9E159DE8CD97}" name="MSFT_xFirewall\Get-TargetResource.Present should return correctly.should have the correct EdgeTraversalPolicy on firewall rule {029B53B6-839B-46C0-B16D-9E159DE8CD97}" time="0.037" asserts="0" success="True" result="Success" executed="True" />
                  <test-case description="should have the correct IcmpType on firewall rule {029B53B6-839B-46C0-B16D-9E159DE8CD97}" name="MSFT_xFirewall\Get-TargetResource.Present should return correctly.should have the correct IcmpType on firewall rule {029B53B6-839B-46C0-B16D-9E159DE8CD97}" time="0.0294" asserts="0" success="True" result="Success" executed="True" />
[...]
                    <failure>
                      <message>Expected: {False}
But was:  {True}</message>
                      <stack-trace>at line: 450 in C:\Users\Daniel\Source\GitHub\xNetworking\Modules\xNetworking\DSCResource.Tests\Meta.Tests.ps1
450:                     $exampleError | Should Be $false
</stack-trace>
                    </failure>
                  </test-case>
                </results>
              </test-suite>
              <test-suite type="TestFixture" name="1-ConfigureSuffixSearchList.ps1" executed="True" result="Failure" success="False" time="0.8892" asserts="0" description="1-ConfigureSuffixSearchList.ps1">
                <results>
                  <test-case description="Should compile MOFs for example correctly" name="Common Tests - Validate Example Files.1-ConfigureSuffixSearchList.ps1.Should compile MOFs for example correctly" time="0.8892" asserts="0" success="False" result="Failure" executed="True">
                    <failure>
                      <message>Expected: {False}
But was:  {True}</message>
                      <stack-trace>at line: 450 in C:\Users\Daniel\Source\GitHub\xNetworking\Modules\xNetworking\DSCResource.Tests\Meta.Tests.ps1
450:                     $exampleError | Should Be $false
</stack-trace>
                    </failure>
                  </test-case>
                </results>
              </test-suite>
              <test-suite type="TestFixture" name="1-AddSpecificSuffix.ps1" executed="True" result="Failure" success="False" time="0.9126" asserts="0" description="1-AddSpecificSuffix.ps1">
                <results>
                  <test-case description="Should compile MOFs for example correctly" name="Common Tests - Validate Example Files.1-AddSpecificSuffix.ps1.Should compile MOFs for example correctly" time="0.9126" asserts="0" success="False" result="Failure" executed="True">
                    <failure>
                      <message>Expected: {False}
But was:  {True}</message>
                      <stack-trace>at line: 450 in C:\Users\Daniel\Source\GitHub\xNetworking\Modules\xNetworking\DSCResource.Tests\Meta.Tests.ps1
450:                     $exampleError | Should Be $false
</stack-trace>
                    </failure>
                  </test-case>
                </results>
              </test-suite>
              <test-suite type="TestFixture" name="1-xDnsServerAddress.ps1" executed="True" result="Failure" success="False" time="0.8783" asserts="0" description="1-xDnsServerAddress.ps1">
                <results>
                  <test-case description="Should compile MOFs for example correctly" name="Common Tests - Validate Example Files.1-xDnsServerAddress.ps1.Should compile MOFs for example correctly" time="0.8783" asserts="0" success="False" result="Failure" executed="True">
                    <failure>
                      <message>Expected: {False}
But was:  {True}</message>
                      <stack-trace>at line: 450 in C:\Users\Daniel\Source\GitHub\xNetworking\Modules\xNetworking\DSCResource.Tests\Meta.Tests.ps1
450:                     $exampleError | Should Be $false
</stack-trace>
                    </failure>
                  </test-case>
                </results>
              </test-suite>
              <test-suite type="TestFixture" name="1-xFirewall_AddFirewallRule.ps1" executed="True" result="Failure" success="False" time="0.9046" asserts="0" description="1-xFirewall_AddFirewallRule.ps1">
                <results>
                  <test-case description="Should compile MOFs for example correctly" name="Common Tests - Validate Example Files.1-xFirewall_AddFirewallRule.ps1.Should compile MOFs for example correctly" time="0.9046" asserts="0" success="False" result="Failure" executed="True">
                    <failure>
                      <message>Expected: {False}
But was:  {True}</message>
                      <stack-trace>at line: 450 in C:\Users\Daniel\Source\GitHub\xNetworking\Modules\xNetworking\DSCResource.Tests\Meta.Tests.ps1
450:                     $exampleError | Should Be $false
</stack-trace>
                    </failure>
                  </test-case>
                </results>
              </test-suite>
              <test-suite type="TestFixture" name="2-xFirewall_AddFirewallRule_AllParameters.ps1" executed="True" result="Failure" success="False" time="0.8717" asserts="0" description="2-xFirewall_AddFirewallRule_AllParameters.ps1">
                <results>
                  <test-case description="Should compile MOFs for example correctly" name="Common Tests - Validate Example Files.2-xFirewall_AddFirewallRule_AllParameters.ps1.Should compile MOFs for example correctly" time="0.8717" asserts="0" success="False" result="Failure" executed="True">
                    <failure>
                      <message>Expected: {False}
But was:  {True}</message>
                      <stack-trace>at line: 450 in C:\Users\Daniel\Source\GitHub\xNetworking\Modules\xNetworking\DSCResource.Tests\Meta.Tests.ps1
450:                     $exampleError | Should Be $false
</stack-trace>
                    </failure>
                  </test-case>
                </results>
              </test-suite>
              <test-suite type="TestFixture" name="3-xFirewall_AddFirewallRuleToExistingGroup.ps1" executed="True" result="Failure" success="False" time="1.0019" asserts="0" description="3-xFirewall_AddFirewallRuleToExistingGroup.ps1">
                <results>
                  <test-case description="Should compile MOFs for example correctly" name="Common Tests - Validate Example Files.3-xFirewall_AddFirewallRuleToExistingGroup.ps1.Should compile MOFs for example correctly" time="1.0019" asserts="0" success="False" result="Failure" executed="True">
                    <failure>
                      <message>Expected: {False}
But was:  {True}</message>
                      <stack-trace>at line: 450 in C:\Users\Daniel\Source\GitHub\xNetworking\Modules\xNetworking\DSCResource.Tests\Meta.Tests.ps1
450:                     $exampleError | Should Be $false
</stack-trace>
                    </failure>
                  </test-case>
                </results>
              </test-suite>
              <test-suite type="TestFixture" name="4-xFirewall_EnableBuiltInFirewallRule.ps1" executed="True" result="Failure" success="False" time="0.8661" asserts="0" description="4-xFirewall_EnableBuiltInFirewallRule.ps1">
                <results>
                  <test-case description="Should compile MOFs for example correctly" name="Common Tests - Validate Example Files.4-xFirewall_EnableBuiltInFirewallRule.ps1.Should compile MOFs for example correctly" time="0.8661" asserts="0" success="False" result="Failure" executed="True">
                    <failure>
                      <message>Expected: {False}
But was:  {True}</message>
                      <stack-trace>at line: 450 in C:\Users\Daniel\Source\GitHub\xNetworking\Modules\xNetworking\DSCResource.Tests\Meta.Tests.ps1
450:                     $exampleError | Should Be $false
</stack-trace>
                    </failure>
                  </test-case>
                </results>
              </test-suite>
              <test-suite type="TestFixture" name="1-AddEntry.ps1" executed="True" result="Failure" success="False" time="0.994" asserts="0" description="1-AddEntry.ps1">
                <results>
                  <test-case description="Should compile MOFs for example correctly" name="Common Tests - Validate Example Files.1-AddEntry.ps1.Should compile MOFs for example correctly" time="0.994" asserts="0" success="False" result="Failure" executed="True">
                    <failure>
                      <message>Expected: {False}
But was:  {True}</message>
                      <stack-trace>at line: 450 in C:\Users\Daniel\Source\GitHub\xNetworking\Modules\xNetworking\DSCResource.Tests\Meta.Tests.ps1
450:                     $exampleError | Should Be $false
</stack-trace>
                    </failure>
                  </test-case>
                </results>
              </test-suite>
              <test-suite type="TestFixture" name="2-RemoveEntry.ps1" executed="True" result="Failure" success="False" time="0.8773" asserts="0" description="2-RemoveEntry.ps1">
                <results>
                  <test-case description="Should compile MOFs for example correctly" name="Common Tests - Validate Example Files.2-RemoveEntry.ps1.Should compile MOFs for example correctly" time="0.8773" asserts="0" success="False" result="Failure" executed="True">
                    <failure>
                      <message>Expected: {False}
But was:  {True}</message>
                      <stack-trace>at line: 450 in C:\Users\Daniel\Source\GitHub\xNetworking\Modules\xNetworking\DSCResource.Tests\Meta.Tests.ps1
450:                     $exampleError | Should Be $false
</stack-trace>
                    </failure>
                  </test-case>
                </results>
              </test-suite>
              <test-suite type="TestFixture" name="1-AddingStaticIP.ps1" executed="True" result="Failure" success="False" time="0.9426" asserts="0" description="1-AddingStaticIP.ps1">
                <results>
                  <test-case description="Should compile MOFs for example correctly" name="Common Tests - Validate Example Files.1-AddingStaticIP.ps1.Should compile MOFs for example correctly" time="0.9426" asserts="0" success="False" result="Failure" executed="True">
                    <failure>
                      <message>Expected: {False}
But was:  {True}</message>
                      <stack-trace>at line: 450 in C:\Users\Daniel\Source\GitHub\xNetworking\Modules\xNetworking\DSCResource.Tests\Meta.Tests.ps1
450:                     $exampleError | Should Be $false
</stack-trace>
                    </failure>
                  </test-case>
                </results>
              </test-suite>
              <test-suite type="TestFixture" name="1-DisableIPv6.ps1" executed="True" result="Failure" success="False" time="0.9058" asserts="0" description="1-DisableIPv6.ps1">
                <results>
                  <test-case description="Should compile MOFs for example correctly" name="Common Tests - Validate Example Files.1-DisableIPv6.ps1.Should compile MOFs for example correctly" time="0.9058" asserts="0" success="False" result="Failure" executed="True">
                    <failure>
                      <message>Expected: {False}
But was:  {True}</message>
                      <stack-trace>at line: 450 in C:\Users\Daniel\Source\GitHub\xNetworking\Modules\xNetworking\DSCResource.Tests\Meta.Tests.ps1
450:                     $exampleError | Should Be $false
</stack-trace>
                    </failure>
                  </test-case>
                </results>
              </test-suite>
              <test-suite type="TestFixture" name="1-DisableRDMASettings.ps1" executed="True" result="Failure" success="False" time="0.8856" asserts="0" description="1-DisableRDMASettings.ps1">
                <results>
                  <test-case description="Should compile MOFs for example correctly" name="Common Tests - Validate Example Files.1-DisableRDMASettings.ps1.Should compile MOFs for example correctly" time="0.8856" asserts="0" success="False" result="Failure" executed="True">
                    <failure>
                      <message>Expected: {False}
But was:  {True}</message>
                      <stack-trace>at line: 450 in C:\Users\Daniel\Source\GitHub\xNetworking\Modules\xNetworking\DSCResource.Tests\Meta.Tests.ps1
450:                     $exampleError | Should Be $false
</stack-trace>
                    </failure>
                  </test-case>
                </results>
              </test-suite>
              <test-suite type="TestFixture" name="2-EnableRDMASettings.ps1" executed="True" result="Failure" success="False" time="0.8834" asserts="0" description="2-EnableRDMASettings.ps1">
                <results>
                  <test-case description="Should compile MOFs for example correctly" name="Common Tests - Validate Example Files.2-EnableRDMASettings.ps1.Should compile MOFs for example correctly" time="0.8834" asserts="0" success="False" result="Failure" executed="True">
                    <failure>
                      <message>Expected: {False}
But was:  {True}</message>
                      <stack-trace>at line: 450 in C:\Users\Daniel\Source\GitHub\xNetworking\Modules\xNetworking\DSCResource.Tests\Meta.Tests.ps1
450:                     $exampleError | Should Be $false
</stack-trace>
                    </failure>
                  </test-case>
                </results>
              </test-suite>
              <test-suite type="TestFixture" name="1-DisableNetBIOS.ps1" executed="True" result="Failure" success="False" time="0.8644" asserts="0" description="1-DisableNetBIOS.ps1">
                <results>
                  <test-case description="Should compile MOFs for example correctly" name="Common Tests - Validate Example Files.1-DisableNetBIOS.ps1.Should compile MOFs for example correctly" time="0.8644" asserts="0" success="False" result="Failure" executed="True">
                    <failure>
                      <message>Expected: {False}
But was:  {True}</message>
                      <stack-trace>at line: 450 in C:\Users\Daniel\Source\GitHub\xNetworking\Modules\xNetworking\DSCResource.Tests\Meta.Tests.ps1
450:                     $exampleError | Should Be $false
</stack-trace>
                    </failure>
                  </test-case>
                </results>
              </test-suite>
              <test-suite type="TestFixture" name="1-SetNetConnectionProfile.ps1" executed="True" result="Failure" success="False" time="0.8876" asserts="0" description="1-SetNetConnectionProfile.ps1">
                <results>
                  <test-case description="Should compile MOFs for example correctly" name="Common Tests - Validate Example Files.1-SetNetConnectionProfile.ps1.Should compile MOFs for example correctly" time="0.8876" asserts="0" success="False" result="Failure" executed="True">
                    <failure>
                      <message>Expected: {False}
But was:  {True}</message>
                      <stack-trace>at line: 450 in C:\Users\Daniel\Source\GitHub\xNetworking\Modules\xNetworking\DSCResource.Tests\Meta.Tests.ps1
450:                     $exampleError | Should Be $false
</stack-trace>
                    </failure>
                  </test-case>
                </results>
              </test-suite>
              <test-suite type="TestFixture" name="1-AddNetworkTeam.ps1" executed="True" result="Failure" success="False" time="0.8853" asserts="0" description="1-AddNetworkTeam.ps1">
                <results>
                  <test-case description="Should compile MOFs for example correctly" name="Common Tests - Validate Example Files.1-AddNetworkTeam.ps1.Should compile MOFs for example correctly" time="0.8853" asserts="0" success="False" result="Failure" executed="True">
                    <failure>
                      <message>Expected: {False}
But was:  {True}</message>
                      <stack-trace>at line: 450 in C:\Users\Daniel\Source\GitHub\xNetworking\Modules\xNetworking\DSCResource.Tests\Meta.Tests.ps1
450:                     $exampleError | Should Be $false
</stack-trace>
                    </failure>
                  </test-case>
                </results>
              </test-suite>
              <test-suite type="TestFixture" name="2-RemoveTeam.ps1" executed="True" result="Failure" success="False" time="0.8977" asserts="0" description="2-RemoveTeam.ps1">
                <results>
                  <test-case description="Should compile MOFs for example correctly" name="Common Tests - Validate Example Files.2-RemoveTeam.ps1.Should compile MOFs for example correctly" time="0.8977" asserts="0" success="False" result="Failure" executed="True">
                    <failure>
                      <message>Expected: {False}
But was:  {True}</message>
                      <stack-trace>at line: 450 in C:\Users\Daniel\Source\GitHub\xNetworking\Modules\xNetworking\DSCResource.Tests\Meta.Tests.ps1
450:                     $exampleError | Should Be $false
</stack-trace>
                    </failure>
                  </test-case>
                </results>
              </test-suite>
              <test-suite type="TestFixture" name="1-AddInterface.ps1" executed="True" result="Failure" success="False" time="0.8861" asserts="0" description="1-AddInterface.ps1">
                <results>
                  <test-case description="Should compile MOFs for example correctly" name="Common Tests - Validate Example Files.1-AddInterface.ps1.Should compile MOFs for example correctly" time="0.8861" asserts="0" success="False" result="Failure" executed="True">
                    <failure>
                      <message>Expected: {False}
But was:  {True}</message>
                      <stack-trace>at line: 450 in C:\Users\Daniel\Source\GitHub\xNetworking\Modules\xNetworking\DSCResource.Tests\Meta.Tests.ps1
450:                     $exampleError | Should Be $false
</stack-trace>
                    </failure>
                  </test-case>
                </results>
              </test-suite>
              <test-suite type="TestFixture" name="2-RemoveInterface.ps1" executed="True" result="Failure" success="False" time="0.8647" asserts="0" description="2-RemoveInterface.ps1">
                <results>
                  <test-case description="Should compile MOFs for example correctly" name="Common Tests - Validate Example Files.2-RemoveInterface.ps1.Should compile MOFs for example correctly" time="0.8647" asserts="0" success="False" result="Failure" executed="True">
                    <failure>
                      <message>Expected: {False}
But was:  {True}</message>
                      <stack-trace>at line: 450 in C:\Users\Daniel\Source\GitHub\xNetworking\Modules\xNetworking\DSCResource.Tests\Meta.Tests.ps1
450:                     $exampleError | Should Be $false
</stack-trace>
                    </failure>
                  </test-case>
                </results>
              </test-suite>
              <test-suite type="TestFixture" name="1-AddRoute.ps1" executed="True" result="Failure" success="False" time="0.8846" asserts="0" description="1-AddRoute.ps1">
                <results>
                  <test-case description="Should compile MOFs for example correctly" name="Common Tests - Validate Example Files.1-AddRoute.ps1.Should compile MOFs for example correctly" time="0.8846" asserts="0" success="False" result="Failure" executed="True">
                    <failure>
                      <message>Expected: {False}
But was:  {True}</message>
                      <stack-trace>at line: 450 in C:\Users\Daniel\Source\GitHub\xNetworking\Modules\xNetworking\DSCResource.Tests\Meta.Tests.ps1
450:                     $exampleError | Should Be $false
</stack-trace>
                    </failure>
                  </test-case>
                </results>
              </test-suite>
            </results>
          </test-suite>
          <test-suite type="TestFixture" name="Common Tests - Validate Markdown Files" executed="True" result="Success" success="True" time="27.3257" asserts="0" description="Common Tests - Validate Markdown Files">
            <results>
              <test-case description="Should not have errors in any markdown files" name="Common Tests - Validate Markdown Files.Should not have errors in any markdown files" time="27.3257" asserts="0" success="True" result="Success" executed="True" />
            </results>
          </test-suite>
        </results>
      </test-suite>
    </results>
  </test-suite>
</test-results>